<?xml version="1.0" encoding="UTF-8"?><testsuite errors="1" failures="0" name="com.features.CreateBoardTest" skipped="0" tests="2" time="94.18" timestamp="2017-04-109 07:48:16"><testcase classname="com.features.CreateBoardTest" name="Click on board"/><testcase classname="com.features.CreateBoardTest" name="Create board test"><error message="Timed out after 2 seconds. Element not found&#10;For documentation on this error, please visit: http://seleniumhq.org/exceptions/no_such_element.html&#10;Build info: version: '2.53.1', revision: 'a36b8b1cd5757287168e54b817830adce9b0158d', time: '2016-06-30 19:26:09'&#10;System info: host: 'Teodoras-MacBook-Pro.local', ip: '127.0.0.1', os.name: 'Mac OS X', os.arch: 'x86_64', os.version: '10.12.3', java.version: '1.8.0_102'&#10;Driver info: driver.version: unknown" type="org.openqa.selenium.NoSuchElementException">Timed out after 2 seconds. Element not found
For documentation on this error, please visit: http://seleniumhq.org/exceptions/no_such_element.html
Build info: version: '2.53.1', revision: 'a36b8b1cd5757287168e54b817830adce9b0158d', time: '2016-06-30 19:26:09'
System info: host: 'Teodoras-MacBook-Pro.local', ip: '127.0.0.1', os.name: 'Mac OS X', os.arch: 'x86_64', os.version: '10.12.3', java.version: '1.8.0_102'
Driver info: driver.version: unknown</error><system-err>Timed out after 2 seconds. Element not found
For documentation on this error, please visit: http://seleniumhq.org/exceptions/no_such_element.html
Build info: version: '2.53.1', revision: 'a36b8b1cd5757287168e54b817830adce9b0158d', time: '2016-06-30 19:26:09'
System info: host: 'Teodoras-MacBook-Pro.local', ip: '127.0.0.1', os.name: 'Mac OS X', os.arch: 'x86_64', os.version: '10.12.3', java.version: '1.8.0_102'
Driver info: driver.version: unknown
com.pages.HomePage.verifyLoggedIn(HomePage.java:32)
com.steps.serenity.CreateBoardSteps.log_in(CreateBoardSteps.java:21)
com.features.CreateBoardTest.create_board_test(CreateBoardTest.java:23)
</system-err></testcase></testsuite>